radqmainapp/build/intermediates/manifest_merge_blame_file/debug/processDebugMainManifest/manifest-merger-blame-debug-report.txt
1<?xml version="1.0" encoding="utf-8"?>
2<manifest xmlns:android="http://schemas.android.com/apk/res/android"
3    package="com.aden.radq"
4    android:versionCode="31"
5    android:versionName="4.1" >
6
7    <uses-sdk
8        android:minSdkVersion="19"
9        android:targetSdkVersion="29" />
10
11    <uses-permission android:name="android.permission.CAMERA" />
11-->src\main\AndroidManifest.xml:5:5-65
11-->src\main\AndroidManifest.xml:5:22-62
12    <uses-permission android:name="android.permission.READ_EXTERNAL_STORAGE" />
12-->src\main\AndroidManifest.xml:6:5-80
12-->src\main\AndroidManifest.xml:6:22-77
13    <uses-permission android:name="android.permission.INTERNET" />
13-->src\main\AndroidManifest.xml:7:5-67
13-->src\main\AndroidManifest.xml:7:22-64
14
15    <uses-feature
15-->src\main\AndroidManifest.xml:9:5-11:35
16        android:name="android.hardware.camera"
16-->src\main\AndroidManifest.xml:10:9-47
17        android:required="true" />
17-->src\main\AndroidManifest.xml:11:9-32
18    <uses-feature
18-->src\main\AndroidManifest.xml:12:5-14:36
19        android:name="android.hardware.autofocus"
19-->src\main\AndroidManifest.xml:13:9-50
20        android:required="false" />
20-->src\main\AndroidManifest.xml:14:9-33
21    <uses-feature
21-->src\main\AndroidManifest.xml:15:5-17:36
22        android:name="android.hardware.front"
22-->src\main\AndroidManifest.xml:16:9-46
23        android:required="false" />
23-->src\main\AndroidManifest.xml:17:9-33
24    <uses-feature
24-->src\main\AndroidManifest.xml:18:5-20:36
25        android:name="android.hardware.front.autofocus"
25-->src\main\AndroidManifest.xml:19:9-56
26        android:required="false" />
26-->src\main\AndroidManifest.xml:20:9-33
27    <!-- Although the *SdkVersion is captured in gradle build files, this is required for non gradle builds -->
28    <!-- <uses-sdk android:minSdkVersion="14"/> -->
29    <uses-permission android:name="android.permission.ACCESS_NETWORK_STATE" />
29-->[com.google.firebase:firebase-database:19.5.0] AndroidManifest.xml:25:5-79
29-->[com.google.firebase:firebase-database:19.5.0] AndroidManifest.xml:25:22-76
30    <uses-permission android:name="android.permission.WRITE_EXTERNAL_STORAGE" />
31    <uses-permission android:name="android.permission.READ_PHONE_STATE" />
32    <uses-permission android:name="android.permission.WAKE_LOCK" /> <!-- Required by older versions of Google Play services to create IID tokens -->
32-->[com.google.firebase:firebase-iid:20.3.0] AndroidManifest.xml:24:5-68
32-->[com.google.firebase:firebase-iid:20.3.0] AndroidManifest.xml:24:22-65
33    <uses-permission android:name="com.google.android.c2dm.permission.RECEIVE" />
33-->[com.google.firebase:firebase-iid:20.3.0] AndroidManifest.xml:26:5-82
33-->[com.google.firebase:firebase-iid:20.3.0] AndroidManifest.xml:26:22-79
34
35    <application
35-->src\main\AndroidManifest.xml:22:5-119:19
36        android:allowBackup="true"
36-->src\main\AndroidManifest.xml:23:9-35
37        android:appComponentFactory="androidx.core.app.CoreComponentFactory"
37-->[androidx.core:core:1.3.1] AndroidManifest.xml:24:18-86
38        android:debuggable="true"
39        android:extractNativeLibs="true"
40        android:icon="@mipmap/ic_launcher"
40-->src\main\AndroidManifest.xml:24:9-43
41        android:label="@string/app_initials"
41-->src\main\AndroidManifest.xml:25:9-45
42        android:roundIcon="@mipmap/ic_launcher_round"
42-->src\main\AndroidManifest.xml:26:9-54
43        android:supportsRtl="true"
43-->src\main\AndroidManifest.xml:27:9-35
44        android:testOnly="true"
45        android:theme="@style/AppTheme" >
45-->src\main\AndroidManifest.xml:28:9-40
46
47        <!-- USB Service -->
48        <service
48-->src\main\AndroidManifest.xml:31:9-33:64
49            android:name="com.aden.radq.services.UsbService"
49-->src\main\AndroidManifest.xml:33:13-61
50            android:enabled="true" />
50-->src\main\AndroidManifest.xml:32:13-35
51
52        <!-- Loading Activity -->
53        <activity
53-->src\main\AndroidManifest.xml:36:9-42:20
54            android:name="com.aden.radq.SplashScreenActivity"
54-->src\main\AndroidManifest.xml:36:19-55
55            android:theme="@style/SplashScreen" >
55-->src\main\AndroidManifest.xml:37:13-48
56            <intent-filter>
56-->src\main\AndroidManifest.xml:38:13-41:29
57                <action android:name="android.intent.action.MAIN" />
57-->src\main\AndroidManifest.xml:39:17-69
57-->src\main\AndroidManifest.xml:39:25-66
58
59                <category android:name="android.intent.category.LAUNCHER" />
59-->src\main\AndroidManifest.xml:40:17-77
59-->src\main\AndroidManifest.xml:40:27-74
60            </intent-filter>
61        </activity>
62
63        <!-- Main Activity -->
64        <activity
64-->src\main\AndroidManifest.xml:45:9-48:20
65            android:name="com.aden.radq.MainActivity"
65-->src\main\AndroidManifest.xml:46:13-41
66            android:theme="@style/MainActivity" >
66-->src\main\AndroidManifest.xml:47:13-48
67        </activity>
68
69        <!-- Camera Activity -->
70        <activity
70-->src\main\AndroidManifest.xml:51:9-58:20
71            android:name="com.aden.radq.StartRadqActivity"
71-->src\main\AndroidManifest.xml:52:13-46
72            android:label=""
72-->src\main\AndroidManifest.xml:57:13-29
73            android:launchMode="singleTop"
73-->src\main\AndroidManifest.xml:56:13-43
74            android:parentActivityName="com.aden.radq.MainActivity"
74-->src\main\AndroidManifest.xml:55:13-55
75            android:screenOrientation="landscape"
75-->src\main\AndroidManifest.xml:53:13-50
76            android:theme="@style/AppThemeBlackActionBar" >
76-->src\main\AndroidManifest.xml:54:13-58
77        </activity>
78
79        <!-- Emergency Activity -->
80        <activity
80-->src\main\AndroidManifest.xml:61:13-67:24
81            android:name="com.aden.radq.EmergencyActivity"
81-->src\main\AndroidManifest.xml:63:17-50
82            android:label="@string/emergency_title"
82-->src\main\AndroidManifest.xml:66:17-56
83            android:parentActivityName="com.aden.radq.StartRadqActivity"
83-->src\main\AndroidManifest.xml:65:17-64
84            android:screenOrientation="landscape"
84-->src\main\AndroidManifest.xml:62:17-54
85            android:theme="@style/AppFullScreen" >
85-->src\main\AndroidManifest.xml:64:17-53
86        </activity>
87
88        <!-- Notifications Activity -->
89        <activity
89-->src\main\AndroidManifest.xml:70:9-75:20
90            android:name="com.aden.radq.NotificationsActivity"
90-->src\main\AndroidManifest.xml:71:13-50
91            android:label="@string/notifications_title"
91-->src\main\AndroidManifest.xml:74:13-56
92            android:parentActivityName="com.aden.radq.MainActivity"
92-->src\main\AndroidManifest.xml:73:13-55
93            android:theme="@style/AppTheme" >
93-->src\main\AndroidManifest.xml:72:13-44
94        </activity>
95
96        <!-- START SETTINGS Activity -->
97        <!-- Settings Activity -->
98        <activity
98-->src\main\AndroidManifest.xml:79:9-84:20
99            android:name="com.aden.radq.SettingsActivity"
99-->src\main\AndroidManifest.xml:80:13-45
100            android:label="@string/settings_title"
100-->src\main\AndroidManifest.xml:83:13-51
101            android:parentActivityName="com.aden.radq.MainActivity"
101-->src\main\AndroidManifest.xml:82:13-55
102            android:theme="@style/AppTheme" >
102-->src\main\AndroidManifest.xml:81:13-44
103        </activity>
104
105        <!-- My Account Login Activity -->
106        <activity
106-->src\main\AndroidManifest.xml:87:13-92:24
107            android:name="com.aden.radq.MyAccountActivity"
107-->src\main\AndroidManifest.xml:88:17-50
108            android:label="@string/my_account_title"
108-->src\main\AndroidManifest.xml:91:17-57
109            android:parentActivityName="com.aden.radq.SettingsActivity"
109-->src\main\AndroidManifest.xml:90:17-63
110            android:theme="@style/AppTheme" >
110-->src\main\AndroidManifest.xml:89:17-48
111        </activity>
112
113        <!-- Create Account Activity -->
114        <activity
114-->src\main\AndroidManifest.xml:95:17-100:28
115            android:name="com.aden.radq.CreateAccountActivity"
115-->src\main\AndroidManifest.xml:96:21-58
116            android:label="@string/create_account"
116-->src\main\AndroidManifest.xml:99:21-59
117            android:parentActivityName="com.aden.radq.MyAccountActivity"
117-->src\main\AndroidManifest.xml:98:21-68
118            android:theme="@style/AppTheme" >
118-->src\main\AndroidManifest.xml:97:21-52
119        </activity>
120
121        <!-- Contacts Activity -->
122        <activity
122-->src\main\AndroidManifest.xml:103:13-108:24
123            android:name="com.aden.radq.MyContactsActivity"
123-->src\main\AndroidManifest.xml:104:17-51
124            android:label="@string/my_contacts_title"
124-->src\main\AndroidManifest.xml:107:17-58
125            android:parentActivityName="com.aden.radq.SettingsActivity"
125-->src\main\AndroidManifest.xml:106:17-63
126            android:theme="@style/AppTheme" >
126-->src\main\AndroidManifest.xml:105:17-48
127        </activity>
128
129        <!-- Add Contact Activity -->
130        <activity
130-->src\main\AndroidManifest.xml:111:17-116:28
131            android:name="com.aden.radq.AddContactActivity"
131-->src\main\AndroidManifest.xml:112:21-55
132            android:label="@string/add_contacts_title"
132-->src\main\AndroidManifest.xml:115:21-63
133            android:parentActivityName="com.aden.radq.MyContactsActivity"
133-->src\main\AndroidManifest.xml:114:21-69
134            android:theme="@style/AppTheme" >
134-->src\main\AndroidManifest.xml:113:21-52
135        </activity>
136
137        <!-- END SETTINGS -->
138        <service
138-->[com.google.firebase:firebase-database:19.5.0] AndroidManifest.xml:29:9-35:19
139            android:name="com.google.firebase.components.ComponentDiscoveryService"
139-->[com.google.firebase:firebase-database:19.5.0] AndroidManifest.xml:30:13-84
140            android:directBootAware="true"
140-->[com.google.firebase:firebase-common:19.3.1] AndroidManifest.xml:35:13-43
141            android:exported="false" >
141-->[com.google.firebase:firebase-database:19.5.0] AndroidManifest.xml:31:13-37
142            <meta-data
142-->[com.google.firebase:firebase-database:19.5.0] AndroidManifest.xml:32:13-34:85
143                android:name="com.google.firebase.components:com.google.firebase.database.DatabaseRegistrar"
143-->[com.google.firebase:firebase-database:19.5.0] AndroidManifest.xml:33:17-109
144                android:value="com.google.firebase.components.ComponentRegistrar" />
144-->[com.google.firebase:firebase-database:19.5.0] AndroidManifest.xml:34:17-82
145            <meta-data
145-->[com.google.firebase:firebase-auth:19.4.0] AndroidManifest.xml:36:13-38:85
146                android:name="com.google.firebase.components:com.google.firebase.auth.FirebaseAuthRegistrar"
146-->[com.google.firebase:firebase-auth:19.4.0] AndroidManifest.xml:37:17-109
147                android:value="com.google.firebase.components.ComponentRegistrar" />
147-->[com.google.firebase:firebase-auth:19.4.0] AndroidManifest.xml:38:17-82
148            <meta-data
148-->[com.google.firebase:firebase-messaging:20.3.0] AndroidManifest.xml:39:13-41:85
149                android:name="com.google.firebase.components:com.google.firebase.messaging.FirebaseMessagingRegistrar"
149-->[com.google.firebase:firebase-messaging:20.3.0] AndroidManifest.xml:40:17-119
150                android:value="com.google.firebase.components.ComponentRegistrar" />
150-->[com.google.firebase:firebase-messaging:20.3.0] AndroidManifest.xml:41:17-82
151            <meta-data
151-->[com.google.firebase:firebase-datatransport:17.0.3] AndroidManifest.xml:28:13-30:85
152                android:name="com.google.firebase.components:com.google.firebase.datatransport.TransportRegistrar"
152-->[com.google.firebase:firebase-datatransport:17.0.3] AndroidManifest.xml:29:17-115
153                android:value="com.google.firebase.components.ComponentRegistrar" />
153-->[com.google.firebase:firebase-datatransport:17.0.3] AndroidManifest.xml:30:17-82
154            <meta-data
154-->[com.google.firebase:firebase-iid:20.3.0] AndroidManifest.xml:32:13-34:85
155                android:name="com.google.firebase.components:com.google.firebase.iid.Registrar"
155-->[com.google.firebase:firebase-iid:20.3.0] AndroidManifest.xml:33:17-96
156                android:value="com.google.firebase.components.ComponentRegistrar" />
156-->[com.google.firebase:firebase-iid:20.3.0] AndroidManifest.xml:34:17-82
157            <meta-data
157-->[com.google.firebase:firebase-installations:16.3.3] AndroidManifest.xml:17:13-19:85
158                android:name="com.google.firebase.components:com.google.firebase.installations.FirebaseInstallationsRegistrar"
158-->[com.google.firebase:firebase-installations:16.3.3] AndroidManifest.xml:18:17-127
159                android:value="com.google.firebase.components.ComponentRegistrar" />
159-->[com.google.firebase:firebase-installations:16.3.3] AndroidManifest.xml:19:17-82
160        </service>
161
162        <activity
162-->[com.google.firebase:firebase-auth:19.4.0] AndroidManifest.xml:24:9-31:50
163            android:name="com.google.firebase.auth.internal.FederatedSignInActivity"
163-->[com.google.firebase:firebase-auth:19.4.0] AndroidManifest.xml:25:13-85
164            android:excludeFromRecents="true"
164-->[com.google.firebase:firebase-auth:19.4.0] AndroidManifest.xml:26:13-46
165            android:exported="true"
165-->[com.google.firebase:firebase-auth:19.4.0] AndroidManifest.xml:27:13-36
166            android:launchMode="singleTask"
166-->[com.google.firebase:firebase-auth:19.4.0] AndroidManifest.xml:28:13-44
167            android:permission="com.google.firebase.auth.api.gms.permission.LAUNCH_FEDERATED_SIGN_IN"
167-->[com.google.firebase:firebase-auth:19.4.0] AndroidManifest.xml:29:13-102
168            android:theme="@android:style/Theme.Translucent.NoTitleBar" />
168-->[com.google.firebase:firebase-auth:19.4.0] AndroidManifest.xml:30:13-72
169        <!--
170             FirebaseMessagingService performs security checks at runtime,
171             but set to not exported to explicitly avoid allowing another app to call it.
172        -->
173        <service
173-->[com.google.firebase:firebase-messaging:20.3.0] AndroidManifest.xml:28:9-35:19
174            android:name="com.google.firebase.messaging.FirebaseMessagingService"
174-->[com.google.firebase:firebase-messaging:20.3.0] AndroidManifest.xml:29:13-82
175            android:directBootAware="true"
175-->[com.google.firebase:firebase-messaging:20.3.0] AndroidManifest.xml:30:13-43
176            android:exported="false" >
176-->[com.google.firebase:firebase-messaging:20.3.0] AndroidManifest.xml:31:13-37
177            <intent-filter android:priority="-500" >
177-->[com.google.firebase:firebase-messaging:20.3.0] AndroidManifest.xml:32:13-34:29
177-->[com.google.firebase:firebase-messaging:20.3.0] AndroidManifest.xml:32:28-51
178                <action android:name="com.google.firebase.MESSAGING_EVENT" />
178-->[com.google.firebase:firebase-messaging:20.3.0] AndroidManifest.xml:33:17-78
178-->[com.google.firebase:firebase-messaging:20.3.0] AndroidManifest.xml:33:25-75
179            </intent-filter>
180        </service>
181
182        <receiver
182-->[com.google.firebase:firebase-iid:20.3.0] AndroidManifest.xml:37:9-44:20
183            android:name="com.google.firebase.iid.FirebaseInstanceIdReceiver"
183-->[com.google.firebase:firebase-iid:20.3.0] AndroidManifest.xml:38:13-78
184            android:exported="true"
184-->[com.google.firebase:firebase-iid:20.3.0] AndroidManifest.xml:39:13-36
185            android:permission="com.google.android.c2dm.permission.SEND" >
185-->[com.google.firebase:firebase-iid:20.3.0] AndroidManifest.xml:40:13-73
186            <intent-filter>
186-->[com.google.firebase:firebase-iid:20.3.0] AndroidManifest.xml:41:13-43:29
187                <action android:name="com.google.android.c2dm.intent.RECEIVE" />
187-->[com.google.firebase:firebase-iid:20.3.0] AndroidManifest.xml:42:17-81
187-->[com.google.firebase:firebase-iid:20.3.0] AndroidManifest.xml:42:25-78
188            </intent-filter>
189        </receiver>
190
191        <provider
191-->[com.google.firebase:firebase-common:19.3.1] AndroidManifest.xml:26:9-31:39
192            android:name="com.google.firebase.provider.FirebaseInitProvider"
192-->[com.google.firebase:firebase-common:19.3.1] AndroidManifest.xml:27:13-77
193            android:authorities="com.aden.radq.firebaseinitprovider"
193-->[com.google.firebase:firebase-common:19.3.1] AndroidManifest.xml:28:13-72
194            android:directBootAware="true"
194-->[com.google.firebase:firebase-common:19.3.1] AndroidManifest.xml:29:13-43
195            android:exported="false"
195-->[com.google.firebase:firebase-common:19.3.1] AndroidManifest.xml:30:13-37
196            android:initOrder="100" />
196-->[com.google.firebase:firebase-common:19.3.1] AndroidManifest.xml:31:13-36
197
198        <activity
198-->[com.google.android.gms:play-services-base:17.1.0] AndroidManifest.xml:23:9-26:75
199            android:name="com.google.android.gms.common.api.GoogleApiActivity"
199-->[com.google.android.gms:play-services-base:17.1.0] AndroidManifest.xml:24:13-79
200            android:exported="false"
200-->[com.google.android.gms:play-services-base:17.1.0] AndroidManifest.xml:25:13-37
201            android:theme="@android:style/Theme.Translucent.NoTitleBar" />
201-->[com.google.android.gms:play-services-base:17.1.0] AndroidManifest.xml:26:13-72
202
203        <meta-data
203-->[com.google.android.gms:play-services-basement:17.0.0] AndroidManifest.xml:23:9-25:69
204            android:name="com.google.android.gms.version"
204-->[com.google.android.gms:play-services-basement:17.0.0] AndroidManifest.xml:24:13-58
205            android:value="@integer/google_play_services_version" />
205-->[com.google.android.gms:play-services-basement:17.0.0] AndroidManifest.xml:25:13-66
206
207        <service
207-->[com.google.android.datatransport:transport-backend-cct:2.2.0] AndroidManifest.xml:29:9-35:19
208            android:name="com.google.android.datatransport.runtime.backends.TransportBackendDiscovery"
208-->[com.google.android.datatransport:transport-backend-cct:2.2.0] AndroidManifest.xml:30:13-103
209            android:exported="false" >
209-->[com.google.android.datatransport:transport-backend-cct:2.2.0] AndroidManifest.xml:31:13-37
210            <meta-data
210-->[com.google.android.datatransport:transport-backend-cct:2.2.0] AndroidManifest.xml:32:13-34:39
211                android:name="backend:com.google.android.datatransport.cct.CctBackendFactory"
211-->[com.google.android.datatransport:transport-backend-cct:2.2.0] AndroidManifest.xml:33:17-94
212                android:value="cct" />
212-->[com.google.android.datatransport:transport-backend-cct:2.2.0] AndroidManifest.xml:34:17-36
213        </service>
214        <service
214-->[com.google.android.datatransport:transport-runtime:2.2.0] AndroidManifest.xml:26:9-30:19
215            android:name="com.google.android.datatransport.runtime.scheduling.jobscheduling.JobInfoSchedulerService"
215-->[com.google.android.datatransport:transport-runtime:2.2.0] AndroidManifest.xml:27:13-117
216            android:exported="false"
216-->[com.google.android.datatransport:transport-runtime:2.2.0] AndroidManifest.xml:28:13-37
217            android:permission="android.permission.BIND_JOB_SERVICE" >
217-->[com.google.android.datatransport:transport-runtime:2.2.0] AndroidManifest.xml:29:13-69
218        </service>
219
220        <receiver
220-->[com.google.android.datatransport:transport-runtime:2.2.0] AndroidManifest.xml:32:9-34:40
221            android:name="com.google.android.datatransport.runtime.scheduling.jobscheduling.AlarmManagerSchedulerBroadcastReceiver"
221-->[com.google.android.datatransport:transport-runtime:2.2.0] AndroidManifest.xml:33:13-132
222            android:exported="false" />
222-->[com.google.android.datatransport:transport-runtime:2.2.0] AndroidManifest.xml:34:13-37
223    </application>
224
225</manifest>